<?xml version="1.0" encoding="UTF-8"?>
<!-- Generated by org.testng.reporters.JUnitReportReporter -->
<testsuite hostname="LAPTOP-3NVSPI09" failures="0" tests="1" name="techmahindra.FirstSelenium" time="8.258" errors="0" timestamp="2021-07-09T09:24:01 IST" skipped="0">
  <testcase classname="techmahindra.FirstSelenium" name="loginToGoogle" time="8.258"/>
  <system-out/>
</testsuite> <!-- techmahindra.FirstSelenium -->
