<?xml version="1.0" encoding="UTF-8"?>
<!-- Generated by org.testng.reporters.JUnitReportReporter -->
<testsuite hostname="LAPTOP-3NVSPI09" failures="0" tests="1" name="techmahindra.FirstSelenium" time="17.936" errors="0" timestamp="2021-07-06T13:39:38 IST" skipped="0">
  <testcase classname="techmahindra.FirstSelenium" name="loginToGoogle" time="17.936"/>
  <system-out/>
</testsuite> <!-- techmahindra.FirstSelenium -->
